<?xml version="1.0" encoding="UTF-8"?>
<!-- Generated by org.testng.reporters.JUnitXMLReporter -->
<testsuite hostname="LAPTOP-UNVJLEE0" ignored="1" name="Car Loan" tests="5" failures="0" timestamp="2021-09-15T15:24:34 IST" time="0.072" errors="0">
  <testcase name="MobileLogincarLoan" time="0.005" classname="RepeatTestNg.class3"/>
  <testcase name="WebLogincarLoan" time="0.004" classname="RepeatTestNg.class3"/>
  <testcase name="WebLogoutcarLoan" time="0.002" classname="RepeatTestNg.class3"/>
  <testcase name="WebLogoutcarLoan" time="0.0" classname="RepeatTestNg.class3"/>
  <testcase name="WebLogoutcarLoan" time="0.001" classname="RepeatTestNg.class3"/>
  <testcase name="ApIcarLoan" time="0.0" classname="RepeatTestNg.class3">
    <ignored/>
  </testcase> <!-- ApIcarLoan -->
</testsuite> <!-- Car Loan -->
