<?xml version="1.0" encoding="UTF-8"?>
<!-- Generated by org.testng.reporters.JUnitXMLReporter -->
<testsuite hostname="LAPTOP-UNVJLEE0" ignored="3" name="Home Loan" tests="2" failures="0" timestamp="2021-09-15T15:24:34 IST" time="0.056" errors="0">
  <testcase name="LoginApIHomeLoan" time="0.008" classname="RepeatTestNg.class4"/>
  <testcase name="WebLoginHomeLoan" time="0.003" classname="RepeatTestNg.class4"/>
  <testcase name="MobileSignoutHomeLoan" time="0.0" classname="RepeatTestNg.class4">
    <ignored/>
  </testcase> <!-- MobileSignoutHomeLoan -->
  <testcase name="MobileSigninHomeLoan" time="0.0" classname="RepeatTestNg.class4">
    <ignored/>
  </testcase> <!-- MobileSigninHomeLoan -->
  <testcase name="MobileLoginHomeLoan" time="0.0" classname="RepeatTestNg.class4">
    <ignored/>
  </testcase> <!-- MobileLoginHomeLoan -->
</testsuite> <!-- Home Loan -->
