<?xml version="1.0" encoding="UTF-8"?>
<!-- Generated by org.testng.reporters.JUnitXMLReporter -->
<testsuite hostname="LAPTOP-UNVJLEE0" ignored="0" name="Personal Loan" tests="3" failures="0" timestamp="2021-09-15T15:24:34 IST" time="0.057" errors="0">
  <testcase name="demo" time="0.007" classname="RepeatTestNg.class1"/>
  <testcase name="secondTest" time="0.002" classname="RepeatTestNg.class1"/>
  <testcase name="Ploan" time="0.001" classname="RepeatTestNg.class2"/>
</testsuite> <!-- Personal Loan -->
