<?xml version="1.0" encoding="UTF-8"?>
<!-- Generated by org.testng.reporters.JUnitXMLReporter -->
<testsuite ignored="4" hostname="LAPTOP-UNVJLEE0" failures="0" tests="7" name="Regression" time="0.059" errors="0" timestamp="2021-08-18T23:42:48 IST">
  <testcase classname="RepeatTestNg.class1" name="secondTest" time="0.005"/>
  <testcase classname="RepeatTestNg.class4" name="LoginApIHomeLoan" time="0.002"/>
  <testcase classname="RepeatTestNg.class4" name="MobileLoginHomeLoan" time="0.001"/>
  <testcase classname="RepeatTestNg.class4" name="MobileSigninHomeLoan" time="0.002"/>
  <testcase classname="RepeatTestNg.class4" name="MobileSignoutHomeLoan" time="0.0"/>
  <testcase classname="RepeatTestNg.class3" name="ApIcarLoan" time="0.001"/>
  <testcase classname="RepeatTestNg.class3" name="MobileLogincarLoan" time="0.001"/>
  <testcase classname="RepeatTestNg.class2" name="Ploan" time="0.0">
    <ignored/>
  </testcase> <!-- Ploan -->
  <testcase classname="RepeatTestNg.class1" name="demo" time="0.0">
    <ignored/>
  </testcase> <!-- demo -->
  <testcase classname="RepeatTestNg.class3" name="WebLogincarLoan" time="0.0">
    <ignored/>
  </testcase> <!-- WebLogincarLoan -->
  <testcase classname="RepeatTestNg.class4" name="WebLoginHomeLoan" time="0.0">
    <ignored/>
  </testcase> <!-- WebLoginHomeLoan -->
</testsuite> <!-- Regression -->
