<?xml version="1.0" encoding="UTF-8"?>
<testng-results ignored="0" total="6" passed="4" failed="1" skipped="1">
  <reporter-output>
  </reporter-output>
  <suite started-at="2021-10-03T13:38:21 IST" name="Default suite" finished-at="2021-10-03T13:38:22 IST" duration-ms="64">
    <groups>
      <group name="Smoke">
        <method signature="class3.WebLogincarLoan()[pri:0, instance:RepeatTestNg.class3@4a7f959b]" name="WebLogincarLoan" class="RepeatTestNg.class3"/>
      </group> <!-- Smoke -->
    </groups>
    <test started-at="2021-10-03T13:38:21 IST" name="Default test" finished-at="2021-10-03T13:38:22 IST" duration-ms="64">
      <class name="RepeatTestNg.class3">
        <test-method is-config="true" signature="bfsuite()[pri:0, instance:RepeatTestNg.class3@4a7f959b]" started-at="2021-10-03T13:38:21 IST" name="bfsuite" finished-at="2021-10-03T13:38:21 IST" duration-ms="7" status="PASS">
          <reporter-output>
          </reporter-output>
        </test-method> <!-- bfsuite -->
        <test-method is-config="true" signature="beforeclass()[pri:0, instance:RepeatTestNg.class3@4a7f959b]" started-at="2021-10-03T13:38:21 IST" name="beforeclass" finished-at="2021-10-03T13:38:21 IST" duration-ms="1" status="PASS">
          <reporter-output>
          </reporter-output>
        </test-method> <!-- beforeclass -->
        <test-method signature="MobileLogincarLoan(java.lang.String,java.lang.String)[pri:0, instance:RepeatTestNg.class3@4a7f959b]" started-at="2021-10-03T13:38:22 IST" name="MobileLogincarLoan" finished-at="2021-10-03T13:38:22 IST" duration-ms="0" status="FAIL">
          <exception class="org.testng.TestNGException">
            <message>
              <![CDATA[
Parameter 'URL' is required by @Test on method MobileLogincarLoan but has not been marked @Optional or defined
in C:\Users\hp\AppData\Local\Temp\testng-eclipse-1275961857\testng-customsuite.xml]]>
            </message>
            <full-stacktrace>
              <![CDATA[org.testng.TestNGException: 
Parameter 'URL' is required by @Test on method MobileLogincarLoan but has not been marked @Optional or defined
in C:\Users\hp\AppData\Local\Temp\testng-eclipse-1275961857\testng-customsuite.xml
at org.testng.internal.Parameters.createParams(Parameters.java:270)
at org.testng.internal.Parameters.createParametersForMethod(Parameters.java:358)
at org.testng.internal.Parameters.createParameters(Parameters.java:700)
at org.testng.internal.Parameters.handleParameters(Parameters.java:884)
at org.testng.internal.Parameters.handleParameters(Parameters.java:740)
at org.testng.internal.ParameterHandler.handleParameters(ParameterHandler.java:59)
at org.testng.internal.ParameterHandler.createParameters(ParameterHandler.java:38)
at org.testng.internal.TestInvoker$MethodInvocationAgent.invoke(TestInvoker.java:791)
at org.testng.internal.TestInvoker.invokeTestMethods(TestInvoker.java:146)
at org.testng.internal.TestMethodWorker.invokeTestMethods(TestMethodWorker.java:146)
at org.testng.internal.TestMethodWorker.run(TestMethodWorker.java:128)
at java.base/java.util.ArrayList.forEach(ArrayList.java:1511)
at org.testng.TestRunner.privateRun(TestRunner.java:794)
at org.testng.TestRunner.run(TestRunner.java:596)
at org.testng.SuiteRunner.runTest(SuiteRunner.java:377)
at org.testng.SuiteRunner.runSequentially(SuiteRunner.java:371)
at org.testng.SuiteRunner.privateRun(SuiteRunner.java:332)
at org.testng.SuiteRunner.run(SuiteRunner.java:276)
at org.testng.SuiteRunnerWorker.runSuite(SuiteRunnerWorker.java:53)
at org.testng.SuiteRunnerWorker.run(SuiteRunnerWorker.java:96)
at org.testng.TestNG.runSuitesSequentially(TestNG.java:1212)
at org.testng.TestNG.runSuitesLocally(TestNG.java:1134)
at org.testng.TestNG.runSuites(TestNG.java:1063)
at org.testng.TestNG.run(TestNG.java:1031)
at org.testng.remote.AbstractRemoteTestNG.run(AbstractRemoteTestNG.java:115)
at org.testng.remote.RemoteTestNG.initAndRun(RemoteTestNG.java:251)
at org.testng.remote.RemoteTestNG.main(RemoteTestNG.java:77)
]]>
            </full-stacktrace>
          </exception> <!-- org.testng.TestNGException -->
          <reporter-output>
          </reporter-output>
        </test-method> <!-- MobileLogincarLoan -->
        <test-method is-config="true" signature="beforerecovery()[pri:0, instance:RepeatTestNg.class3@4a7f959b]" started-at="2021-10-03T13:38:22 IST" name="beforerecovery" finished-at="2021-10-03T13:38:22 IST" duration-ms="0" status="PASS">
          <reporter-output>
          </reporter-output>
        </test-method> <!-- beforerecovery -->
        <test-method signature="WebLogincarLoan()[pri:0, instance:RepeatTestNg.class3@4a7f959b]" started-at="2021-10-03T13:38:22 IST" name="WebLogincarLoan" finished-at="2021-10-03T13:38:22 IST" duration-ms="2" status="PASS">
          <reporter-output>
          </reporter-output>
        </test-method> <!-- WebLogincarLoan -->
        <test-method is-config="true" signature="afterRecovery()[pri:0, instance:RepeatTestNg.class3@4a7f959b]" started-at="2021-10-03T13:38:22 IST" name="afterRecovery" finished-at="2021-10-03T13:38:22 IST" duration-ms="1" status="PASS">
          <reporter-output>
          </reporter-output>
        </test-method> <!-- afterRecovery -->
        <test-method is-config="true" signature="beforerecovery()[pri:0, instance:RepeatTestNg.class3@4a7f959b]" started-at="2021-10-03T13:38:22 IST" name="beforerecovery" finished-at="2021-10-03T13:38:22 IST" duration-ms="0" status="PASS">
          <reporter-output>
          </reporter-output>
        </test-method> <!-- beforerecovery -->
        <test-method signature="WebLogoutcarLoan(java.lang.String,java.lang.String)[pri:0, instance:RepeatTestNg.class3@4a7f959b]" started-at="2021-10-03T13:38:22 IST" name="WebLogoutcarLoan" data-provider="getData" finished-at="2021-10-03T13:38:22 IST" duration-ms="1" status="PASS">
          <params>
            <param index="0">
              <value>
                <![CDATA[firstusername]]>
              </value>
            </param>
            <param index="1">
              <value>
                <![CDATA[firstPassword]]>
              </value>
            </param>
          </params>
          <reporter-output>
          </reporter-output>
        </test-method> <!-- WebLogoutcarLoan -->
        <test-method is-config="true" signature="beforerecovery()[pri:0, instance:RepeatTestNg.class3@4a7f959b]" started-at="2021-10-03T13:38:22 IST" name="beforerecovery" finished-at="2021-10-03T13:38:22 IST" duration-ms="1" status="PASS">
          <reporter-output>
          </reporter-output>
        </test-method> <!-- beforerecovery -->
        <test-method is-config="true" signature="afterRecovery()[pri:0, instance:RepeatTestNg.class3@4a7f959b]" started-at="2021-10-03T13:38:22 IST" name="afterRecovery" finished-at="2021-10-03T13:38:22 IST" duration-ms="0" status="PASS">
          <reporter-output>
          </reporter-output>
        </test-method> <!-- afterRecovery -->
        <test-method signature="WebLogoutcarLoan(java.lang.String,java.lang.String)[pri:0, instance:RepeatTestNg.class3@4a7f959b]" started-at="2021-10-03T13:38:22 IST" name="WebLogoutcarLoan" data-provider="getData" finished-at="2021-10-03T13:38:22 IST" duration-ms="1" status="PASS">
          <params>
            <param index="0">
              <value>
                <![CDATA[Secondusername]]>
              </value>
            </param>
            <param index="1">
              <value>
                <![CDATA[secondpassword]]>
              </value>
            </param>
          </params>
          <reporter-output>
          </reporter-output>
        </test-method> <!-- WebLogoutcarLoan -->
        <test-method is-config="true" signature="afterRecovery()[pri:0, instance:RepeatTestNg.class3@4a7f959b]" started-at="2021-10-03T13:38:22 IST" name="afterRecovery" finished-at="2021-10-03T13:38:22 IST" duration-ms="0" status="PASS">
          <reporter-output>
          </reporter-output>
        </test-method> <!-- afterRecovery -->
        <test-method is-config="true" signature="beforerecovery()[pri:0, instance:RepeatTestNg.class3@4a7f959b]" started-at="2021-10-03T13:38:22 IST" name="beforerecovery" finished-at="2021-10-03T13:38:22 IST" duration-ms="1" status="PASS">
          <reporter-output>
          </reporter-output>
        </test-method> <!-- beforerecovery -->
        <test-method signature="WebLogoutcarLoan(java.lang.String,java.lang.String)[pri:0, instance:RepeatTestNg.class3@4a7f959b]" started-at="2021-10-03T13:38:22 IST" name="WebLogoutcarLoan" data-provider="getData" finished-at="2021-10-03T13:38:22 IST" duration-ms="0" status="PASS">
          <params>
            <param index="0">
              <value>
                <![CDATA[Thirdusername]]>
              </value>
            </param>
            <param index="1">
              <value>
                <![CDATA[Thirdpassword]]>
              </value>
            </param>
          </params>
          <reporter-output>
          </reporter-output>
        </test-method> <!-- WebLogoutcarLoan -->
        <test-method is-config="true" signature="afterRecovery()[pri:0, instance:RepeatTestNg.class3@4a7f959b]" started-at="2021-10-03T13:38:22 IST" name="afterRecovery" finished-at="2021-10-03T13:38:22 IST" duration-ms="1" status="PASS">
          <reporter-output>
          </reporter-output>
        </test-method> <!-- afterRecovery -->
        <test-method signature="ApIcarLoan()[pri:0, instance:RepeatTestNg.class3@4a7f959b]" started-at="2021-10-03T13:38:22 IST" name="ApIcarLoan" finished-at="2021-10-03T13:38:22 IST" depends-on-methods="RepeatTestNg.class3.WebLogincarLoan, RepeatTestNg.class3.MobileLogincarLoan" duration-ms="0" status="SKIP">
          <exception class="java.lang.Throwable">
            <message>
              <![CDATA[Method class3.ApIcarLoan()[pri:0, instance:RepeatTestNg.class3@4a7f959b] depends on not successfully finished methods]]>
            </message>
            <full-stacktrace>
              <![CDATA[java.lang.Throwable: Method class3.ApIcarLoan()[pri:0, instance:RepeatTestNg.class3@4a7f959b] depends on not successfully finished methods
at org.testng.internal.TestInvoker.invokeTestMethods(TestInvoker.java:102)
at org.testng.internal.TestMethodWorker.invokeTestMethods(TestMethodWorker.java:146)
at org.testng.internal.TestMethodWorker.run(TestMethodWorker.java:128)
at java.base/java.util.ArrayList.forEach(ArrayList.java:1511)
at org.testng.TestRunner.privateRun(TestRunner.java:794)
at org.testng.TestRunner.run(TestRunner.java:596)
at org.testng.SuiteRunner.runTest(SuiteRunner.java:377)
at org.testng.SuiteRunner.runSequentially(SuiteRunner.java:371)
at org.testng.SuiteRunner.privateRun(SuiteRunner.java:332)
at org.testng.SuiteRunner.run(SuiteRunner.java:276)
at org.testng.SuiteRunnerWorker.runSuite(SuiteRunnerWorker.java:53)
at org.testng.SuiteRunnerWorker.run(SuiteRunnerWorker.java:96)
at org.testng.TestNG.runSuitesSequentially(TestNG.java:1212)
at org.testng.TestNG.runSuitesLocally(TestNG.java:1134)
at org.testng.TestNG.runSuites(TestNG.java:1063)
at org.testng.TestNG.run(TestNG.java:1031)
at org.testng.remote.AbstractRemoteTestNG.run(AbstractRemoteTestNG.java:115)
at org.testng.remote.RemoteTestNG.initAndRun(RemoteTestNG.java:251)
at org.testng.remote.RemoteTestNG.main(RemoteTestNG.java:77)
]]>
            </full-stacktrace>
          </exception> <!-- java.lang.Throwable -->
          <reporter-output>
          </reporter-output>
        </test-method> <!-- ApIcarLoan -->
        <test-method is-config="true" signature="afterclass()[pri:0, instance:RepeatTestNg.class3@4a7f959b]" started-at="2021-10-03T13:38:22 IST" name="afterclass" finished-at="2021-10-03T13:38:22 IST" duration-ms="0" status="PASS">
          <reporter-output>
          </reporter-output>
        </test-method> <!-- afterclass -->
        <test-method is-config="true" signature="afsuite()[pri:0, instance:RepeatTestNg.class3@4a7f959b]" started-at="2021-10-03T13:38:22 IST" name="afsuite" finished-at="2021-10-03T13:38:22 IST" duration-ms="0" status="PASS">
          <reporter-output>
          </reporter-output>
        </test-method> <!-- afsuite -->
      </class> <!-- RepeatTestNg.class3 -->
    </test> <!-- Default test -->
  </suite> <!-- Default suite -->
</testng-results>
